2014/10/09 07:06:59 [Thread-0] ERROR fr.fryscop.probe.test.dns.DnsProbe - turlututu.nic.fr java.net.UnknownHostException: turlututu.nic.fr
	at java.net.Inet6AddressImpl.lookupAllHostAddr(Native Method)
	at java.net.InetAddress$1.lookupAllHostAddr(InetAddress.java:894)

2014/10/09 07:06:59 [Thread-0] DEBUG f.fryscop.probe.monitoring.HeartBeat - sendBeat() http://www.frysurvey.fr/monitoring/probes/beat.php?name=test_dns&tld=fr&type=DNS&status=1 
2014/10/09 07:07:02 [Thread-0] DEBUG f.fryscop.probe.monitoring.HeartBeat - sendBeat() http://www.frysurvey.fr/monitoring/probes/beat.php?name=test_rdds&tld=fr&type=RDDS&status=1 
2014/10/09 07:07:53 [Thread-0] DEBUG f.fryscop.probe.monitoring.HeartBeat - sendBeat() http://www.frysurvey.fr/monitoring/probes/beat.php?name=test_rdds&tld=fr&type=RDDS&status=1 
2014/10/09 07:07:59 [Thread-0] ERROR fr.fryscop.probe.test.dns.DnsProbe - turlututu.nic.fr java.net.UnknownHostException: turlututu.nic.fr
	at java.net.Inet6AddressImpl.lookupAllHostAddr(Native Method)
	at java.net.InetAddress$1.lookupAllHostAddr(InetAddress.java:894)

2014/10/09 07:07:59 [Thread-0] DEBUG f.fryscop.probe.monitoring.HeartBeat - sendBeat() http://www.frysurvey.fr/monitoring/probes/beat.php?name=test_dns&tld=fr&type=DNS&status=1 
2014/10/09 07:07:59 [Thread-0] DEBUG fr.fryscop.probe.test.dns.DnsProbe - dnsNameServerAvailability|turlututu.nic.fr.getUnavaibilityDuration(): 60052 
2014/10/09 07:08:43 [Thread-0] DEBUG f.fryscop.probe.monitoring.HeartBeat - sendBeat() http://www.frysurvey.fr/monitoring/probes/beat.php?name=test_rdds&tld=fr&type=RDDS&status=1 
2014/10/09 07:08:59 [Thread-0] ERROR fr.fryscop.probe.test.dns.DnsProbe - turlututu.nic.fr java.net.UnknownHostException: turlututu.nic.fr
	at java.net.Inet6AddressImpl.lookupAllHostAddr(Native Method)
	at java.net.InetAddress$1.lookupAllHostAddr(InetAddress.java:894)

2014/10/09 07:08:59 [Thread-0] DEBUG f.fryscop.probe.monitoring.HeartBeat - sendBeat() http://www.frysurvey.fr/monitoring/probes/beat.php?name=test_dns&tld=fr&type=DNS&status=1 
2014/10/09 07:08:59 [Thread-0] DEBUG fr.fryscop.probe.test.dns.DnsProbe - dnsNameServerAvailability|turlututu.nic.fr.getUnavaibilityDuration(): 120095 
2014/10/09 07:09:33 [Thread-0] DEBUG f.fryscop.probe.monitoring.HeartBeat - sendBeat() http://www.frysurvey.fr/monitoring/probes/beat.php?name=test_rdds&tld=fr&type=RDDS&status=1 
2014/10/09 07:09:59 [Thread-0] ERROR fr.fryscop.probe.test.dns.DnsProbe - turlututu.nic.fr java.net.UnknownHostException: turlututu.nic.fr
	at java.net.Inet6AddressImpl.lookupAllHostAddr(Native Method)
	at java.net.InetAddress$1.lookupAllHostAddr(InetAddress.java:894)

2014/10/09 07:09:59 [Thread-0] DEBUG f.fryscop.probe.monitoring.HeartBeat - sendBeat() http://www.frysurvey.fr/monitoring/probes/beat.php?name=test_dns&tld=fr&type=DNS&status=1 
2014/10/09 07:09:59 [Thread-0] DEBUG fr.fryscop.probe.test.dns.DnsProbe - dnsNameServerAvailability|turlututu.nic.fr.getUnavaibilityDuration(): 180169 
2014/10/09 07:10:24 [Thread-0] DEBUG f.fryscop.probe.monitoring.HeartBeat - sendBeat() http://www.frysurvey.fr/monitoring/probes/beat.php?name=test_rdds&tld=fr&type=RDDS&status=1 
2014/10/09 07:10:59 [Thread-0] ERROR fr.fryscop.probe.test.dns.DnsProbe - turlututu.nic.fr java.net.UnknownHostException: turlututu.nic.fr
	at java.net.Inet6AddressImpl.lookupAllHostAddr(Native Method)
	at java.net.InetAddress$1.lookupAllHostAddr(InetAddress.java:894)

2014/10/09 07:10:59 [Thread-0] DEBUG f.fryscop.probe.monitoring.HeartBeat - sendBeat() http://www.frysurvey.fr/monitoring/probes/beat.php?name=test_dns&tld=fr&type=DNS&status=1 
2014/10/09 07:10:59 [Thread-0] DEBUG fr.fryscop.probe.test.dns.DnsProbe - dnsNameServerAvailability|turlututu.nic.fr.getUnavaibilityDuration(): 240215 
2014/10/09 07:11:14 [Thread-0] DEBUG f.fryscop.probe.monitoring.HeartBeat - sendBeat() http://www.frysurvey.fr/monitoring/probes/beat.php?name=test_rdds&tld=fr&type=RDDS&status=1 
2014/10/09 07:11:59 [Thread-0] ERROR fr.fryscop.probe.test.dns.DnsProbe - turlututu.nic.fr java.net.UnknownHostException: turlututu.nic.fr
	at java.net.Inet6AddressImpl.lookupAllHostAddr(Native Method)
	at java.net.InetAddress$1.lookupAllHostAddr(InetAddress.java:894)

2014/10/09 07:11:59 [Thread-0] DEBUG f.fryscop.probe.monitoring.HeartBeat - sendBeat() http://www.frysurvey.fr/monitoring/probes/beat.php?name=test_dns&tld=fr&type=DNS&status=1 
2014/10/09 07:11:59 [Thread-0] DEBUG fr.fryscop.probe.test.dns.DnsProbe - dnsNameServerAvailability|turlututu.nic.fr.getUnavaibilityDuration(): 300288 
2014/10/09 07:12:05 [Thread-0] DEBUG f.fryscop.probe.monitoring.HeartBeat - sendBeat() http://www.frysurvey.fr/monitoring/probes/beat.php?name=test_rdds&tld=fr&type=RDDS&status=1 
2014/10/09 07:12:55 [Thread-0] DEBUG f.fryscop.probe.monitoring.HeartBeat - sendBeat() http://www.frysurvey.fr/monitoring/probes/beat.php?name=test_rdds&tld=fr&type=RDDS&status=1 
2014/10/09 07:12:59 [Thread-0] ERROR fr.fryscop.probe.test.dns.DnsProbe - turlututu.nic.fr java.net.UnknownHostException: turlututu.nic.fr
	at java.net.Inet6AddressImpl.lookupAllHostAddr(Native Method)
	at java.net.InetAddress$1.lookupAllHostAddr(InetAddress.java:894)

2014/10/09 07:12:59 [Thread-0] DEBUG f.fryscop.probe.monitoring.HeartBeat - sendBeat() http://www.frysurvey.fr/monitoring/probes/beat.php?name=test_dns&tld=fr&type=DNS&status=1 
2014/10/09 07:12:59 [Thread-0] DEBUG fr.fryscop.probe.test.dns.DnsProbe - dnsNameServerAvailability|turlututu.nic.fr.getUnavaibilityDuration(): 360384 
2014/10/09 07:13:46 [Thread-0] DEBUG f.fryscop.probe.monitoring.HeartBeat - sendBeat() http://www.frysurvey.fr/monitoring/probes/beat.php?name=test_rdds&tld=fr&type=RDDS&status=1 
2014/10/09 07:13:59 [Thread-0] ERROR fr.fryscop.probe.test.dns.DnsProbe - turlututu.nic.fr java.net.UnknownHostException: turlututu.nic.fr
	at java.net.Inet6AddressImpl.lookupAllHostAddr(Native Method)
	at java.net.InetAddress$1.lookupAllHostAddr(InetAddress.java:894)

2014/10/09 07:13:59 [Thread-0] DEBUG f.fryscop.probe.monitoring.HeartBeat - sendBeat() http://www.frysurvey.fr/monitoring/probes/beat.php?name=test_dns&tld=fr&type=DNS&status=1 
2014/10/09 07:13:59 [Thread-0] DEBUG fr.fryscop.probe.test.dns.DnsProbe - dnsNameServerAvailability|turlututu.nic.fr.getUnavaibilityDuration(): 420425 
2014/10/09 07:14:36 [Thread-0] DEBUG f.fryscop.probe.monitoring.HeartBeat - sendBeat() http://www.frysurvey.fr/monitoring/probes/beat.php?name=test_rdds&tld=fr&type=RDDS&status=1 
2014/10/09 07:14:59 [Thread-0] ERROR fr.fryscop.probe.test.dns.DnsProbe - turlututu.nic.fr java.net.UnknownHostException: turlututu.nic.fr
	at java.net.Inet6AddressImpl.lookupAllHostAddr(Native Method)
	at java.net.InetAddress$1.lookupAllHostAddr(InetAddress.java:894)

2014/10/09 07:14:59 [Thread-0] DEBUG f.fryscop.probe.monitoring.HeartBeat - sendBeat() http://www.frysurvey.fr/monitoring/probes/beat.php?name=test_dns&tld=fr&type=DNS&status=1 
2014/10/09 07:14:59 [Thread-0] DEBUG fr.fryscop.probe.test.dns.DnsProbe - dnsNameServerAvailability|turlututu.nic.fr.getUnavaibilityDuration(): 480527 
2014/10/09 07:15:26 [Thread-0] DEBUG f.fryscop.probe.monitoring.HeartBeat - sendBeat() http://www.frysurvey.fr/monitoring/probes/beat.php?name=test_rdds&tld=fr&type=RDDS&status=1 
2014/10/09 07:15:59 [Thread-0] ERROR fr.fryscop.probe.test.dns.DnsProbe - turlututu.nic.fr java.net.UnknownHostException: turlututu.nic.fr
	at java.net.Inet6AddressImpl.lookupAllHostAddr(Native Method)
	at java.net.InetAddress$1.lookupAllHostAddr(InetAddress.java:894)

2014/10/09 07:15:59 [Thread-0] DEBUG f.fryscop.probe.monitoring.HeartBeat - sendBeat() http://www.frysurvey.fr/monitoring/probes/beat.php?name=test_dns&tld=fr&type=DNS&status=1 
2014/10/09 07:15:59 [Thread-0] DEBUG fr.fryscop.probe.test.dns.DnsProbe - dnsNameServerAvailability|turlututu.nic.fr.getUnavaibilityDuration(): 540574 
2014/10/09 07:16:17 [Thread-0] DEBUG f.fryscop.probe.monitoring.HeartBeat - sendBeat() http://www.frysurvey.fr/monitoring/probes/beat.php?name=test_rdds&tld=fr&type=RDDS&status=1 
2014/10/09 07:16:59 [main] INFO  fr.fryscop.probe.test.dns.DnsProbe - Stopping test_dns|fr|DNS 
2014/10/09 07:16:59 [main] DEBUG f.fryscop.probe.monitoring.HeartBeat - sendBeat() http://www.frysurvey.fr/monitoring/probes/beat.php?name=test_dns&tld=fr&type=DNS&status=5 
2014/10/09 07:17:02 [main] INFO  fr.fryscop.probe.test.rdds.RddsProbe - Stopping test_rdds|fr|RDDS 
2014/10/09 07:17:02 [main] DEBUG f.fryscop.probe.monitoring.HeartBeat - sendBeat() http://www.frysurvey.fr/monitoring/probes/beat.php?name=test_rdds&tld=fr&type=RDDS&status=5 
2014/10/09 12:30:42 [Thread-0] ERROR fr.fryscop.probe.test.dns.DnsProbe - turlututu.nic.fr java.net.UnknownHostException: turlututu.nic.fr
	at java.net.Inet6AddressImpl.lookupAllHostAddr(Native Method)
	at java.net.InetAddress$1.lookupAllHostAddr(InetAddress.java:894)

2014/10/09 12:30:42 [Thread-0] DEBUG f.fryscop.probe.monitoring.HeartBeat - sendBeat() http://www.frysurvey.fr/monitoring/probes/beat.php?name=test_dns&tld=fr&type=DNS&status=1 
2014/10/09 12:30:43 [Thread-0] DEBUG f.fryscop.probe.monitoring.HeartBeat - sendBeat() http://www.frysurvey.fr/monitoring/probes/beat.php?name=test_rdds&tld=fr&type=RDDS&status=1 
2014/10/09 12:31:42 [Thread-0] ERROR fr.fryscop.probe.test.dns.DnsProbe - turlututu.nic.fr java.net.UnknownHostException: turlututu.nic.fr
	at java.net.Inet6AddressImpl.lookupAllHostAddr(Native Method)
	at java.net.InetAddress$1.lookupAllHostAddr(InetAddress.java:894)

2014/10/09 12:31:42 [Thread-0] DEBUG f.fryscop.probe.monitoring.HeartBeat - sendBeat() http://www.frysurvey.fr/monitoring/probes/beat.php?name=test_dns&tld=fr&type=DNS&status=1 
2014/10/09 12:31:43 [Thread-0] DEBUG fr.fryscop.probe.test.dns.DnsProbe - dnsNameServerAvailability|turlututu.nic.fr.getUnavaibilityDuration(): 60276 
2014/10/09 12:32:43 [Thread-0] ERROR fr.fryscop.probe.test.dns.DnsProbe - turlututu.nic.fr java.net.UnknownHostException: turlututu.nic.fr
	at java.net.Inet6AddressImpl.lookupAllHostAddr(Native Method)
	at java.net.InetAddress$1.lookupAllHostAddr(InetAddress.java:894)

2014/10/09 12:32:43 [Thread-0] DEBUG f.fryscop.probe.monitoring.HeartBeat - sendBeat() http://www.frysurvey.fr/monitoring/probes/beat.php?name=test_dns&tld=fr&type=DNS&status=1 
2014/10/09 12:32:43 [Thread-0] DEBUG fr.fryscop.probe.test.dns.DnsProbe - dnsNameServerAvailability|turlututu.nic.fr.getUnavaibilityDuration(): 120364 
2014/10/09 12:33:43 [Thread-0] ERROR fr.fryscop.probe.test.dns.DnsProbe - turlututu.nic.fr java.net.UnknownHostException: turlututu.nic.fr
	at java.net.Inet6AddressImpl.lookupAllHostAddr(Native Method)
	at java.net.InetAddress$1.lookupAllHostAddr(InetAddress.java:894)

2014/10/09 12:33:43 [Thread-0] DEBUG f.fryscop.probe.monitoring.HeartBeat - sendBeat() http://www.frysurvey.fr/monitoring/probes/beat.php?name=test_dns&tld=fr&type=DNS&status=1 
2014/10/09 12:33:43 [Thread-0] DEBUG fr.fryscop.probe.test.dns.DnsProbe - dnsNameServerAvailability|turlututu.nic.fr.getUnavaibilityDuration(): 180474 
2014/10/09 12:34:43 [Thread-0] ERROR fr.fryscop.probe.test.dns.DnsProbe - turlututu.nic.fr java.net.UnknownHostException: turlututu.nic.fr
	at java.net.Inet6AddressImpl.lookupAllHostAddr(Native Method)
	at java.net.InetAddress$1.lookupAllHostAddr(InetAddress.java:894)

2014/10/09 12:34:43 [Thread-0] DEBUG f.fryscop.probe.monitoring.HeartBeat - sendBeat() http://www.frysurvey.fr/monitoring/probes/beat.php?name=test_dns&tld=fr&type=DNS&status=1 
2014/10/09 12:34:43 [Thread-0] DEBUG fr.fryscop.probe.test.dns.DnsProbe - dnsNameServerAvailability|turlututu.nic.fr.getUnavaibilityDuration(): 240555 
2014/10/09 12:35:43 [Thread-0] ERROR fr.fryscop.probe.test.dns.DnsProbe - turlututu.nic.fr java.net.UnknownHostException: turlututu.nic.fr
	at java.net.Inet6AddressImpl.lookupAllHostAddr(Native Method)
	at java.net.InetAddress$1.lookupAllHostAddr(InetAddress.java:894)

2014/10/09 12:35:43 [Thread-0] DEBUG f.fryscop.probe.monitoring.HeartBeat - sendBeat() http://www.frysurvey.fr/monitoring/probes/beat.php?name=test_dns&tld=fr&type=DNS&status=1 
2014/10/09 12:35:43 [Thread-0] DEBUG fr.fryscop.probe.test.dns.DnsProbe - dnsNameServerAvailability|turlututu.nic.fr.getUnavaibilityDuration(): 300636 
2014/10/09 12:35:43 [Thread-0] DEBUG f.fryscop.probe.monitoring.HeartBeat - sendBeat() http://www.frysurvey.fr/monitoring/probes/beat.php?name=test_rdds&tld=fr&type=RDDS&status=1 
2014/10/09 12:36:43 [Thread-0] ERROR fr.fryscop.probe.test.dns.DnsProbe - turlututu.nic.fr java.net.UnknownHostException: turlututu.nic.fr
	at java.net.Inet6AddressImpl.lookupAllHostAddr(Native Method)
	at java.net.InetAddress$1.lookupAllHostAddr(InetAddress.java:894)

2014/10/09 12:36:43 [Thread-0] DEBUG f.fryscop.probe.monitoring.HeartBeat - sendBeat() http://www.frysurvey.fr/monitoring/probes/beat.php?name=test_dns&tld=fr&type=DNS&status=1 
2014/10/09 12:36:43 [Thread-0] DEBUG fr.fryscop.probe.test.dns.DnsProbe - dnsNameServerAvailability|turlututu.nic.fr.getUnavaibilityDuration(): 360742 
2014/10/09 12:37:43 [Thread-0] ERROR fr.fryscop.probe.test.dns.DnsProbe - turlututu.nic.fr java.net.UnknownHostException: turlututu.nic.fr
	at java.net.Inet6AddressImpl.lookupAllHostAddr(Native Method)
	at java.net.InetAddress$1.lookupAllHostAddr(InetAddress.java:894)

2014/10/09 12:37:43 [Thread-0] DEBUG f.fryscop.probe.monitoring.HeartBeat - sendBeat() http://www.frysurvey.fr/monitoring/probes/beat.php?name=test_dns&tld=fr&type=DNS&status=1 
2014/10/09 12:37:43 [Thread-0] DEBUG fr.fryscop.probe.test.dns.DnsProbe - dnsNameServerAvailability|turlututu.nic.fr.getUnavaibilityDuration(): 421046 
2014/10/09 12:38:43 [Thread-0] ERROR fr.fryscop.probe.test.dns.DnsProbe - turlututu.nic.fr java.net.UnknownHostException: turlututu.nic.fr
	at java.net.Inet6AddressImpl.lookupAllHostAddr(Native Method)
	at java.net.InetAddress$1.lookupAllHostAddr(InetAddress.java:894)

2014/10/09 12:38:43 [Thread-0] DEBUG f.fryscop.probe.monitoring.HeartBeat - sendBeat() http://www.frysurvey.fr/monitoring/probes/beat.php?name=test_dns&tld=fr&type=DNS&status=1 
2014/10/09 12:38:43 [Thread-0] DEBUG fr.fryscop.probe.test.dns.DnsProbe - dnsNameServerAvailability|turlututu.nic.fr.getUnavaibilityDuration(): 481134 
2014/10/09 12:39:43 [Thread-0] ERROR fr.fryscop.probe.test.dns.DnsProbe - turlututu.nic.fr java.net.UnknownHostException: turlututu.nic.fr
	at java.net.Inet6AddressImpl.lookupAllHostAddr(Native Method)
	at java.net.InetAddress$1.lookupAllHostAddr(InetAddress.java:894)

2014/10/09 12:39:43 [Thread-0] DEBUG f.fryscop.probe.monitoring.HeartBeat - sendBeat() http://www.frysurvey.fr/monitoring/probes/beat.php?name=test_dns&tld=fr&type=DNS&status=1 
2014/10/09 12:39:44 [Thread-0] DEBUG fr.fryscop.probe.test.dns.DnsProbe - dnsNameServerAvailability|turlututu.nic.fr.getUnavaibilityDuration(): 541244 
2014/10/09 12:40:42 [main] INFO  fr.fryscop.probe.test.dns.DnsProbe - Stopping test_dns|fr|DNS 
2014/10/09 12:40:42 [main] DEBUG f.fryscop.probe.monitoring.HeartBeat - sendBeat() http://www.frysurvey.fr/monitoring/probes/beat.php?name=test_dns&tld=fr&type=DNS&status=5 
2014/10/09 12:40:43 [Thread-0] DEBUG f.fryscop.probe.monitoring.HeartBeat - sendBeat() http://www.frysurvey.fr/monitoring/probes/beat.php?name=test_rdds&tld=fr&type=RDDS&status=1 
2014/10/09 12:41:42 [main] INFO  fr.fryscop.probe.test.rdds.RddsProbe - Stopping test_rdds|fr|RDDS 
2014/10/09 12:41:42 [main] DEBUG f.fryscop.probe.monitoring.HeartBeat - sendBeat() http://www.frysurvey.fr/monitoring/probes/beat.php?name=test_rdds&tld=fr&type=RDDS&status=5 
2014/10/09 13:10:48 [Thread-0] DEBUG f.fryscop.probe.monitoring.HeartBeat - sendBeat() http://www.frysurvey.fr/monitoring/probes/beat.php?name=test_rdds&tld=fr&type=RDDS&status=1 
2014/10/09 13:43:24 [fr.fryscop.probe.test.rdds.RddsProbe@70f293db] DEBUG f.fryscop.probe.monitoring.HeartBeat - sendBeat() http://www.frysurvey.fr/monitoring/probes/beat.php?name=test_rdds&tld=fr&type=RDDS&status=1 
2014/10/09 13:43:24 [fr.fryscop.probe.test.dns.DnsProbe@45c948cb] ERROR fr.fryscop.probe.test.dns.DnsProbe - turlututu.nic.fr java.net.UnknownHostException: turlututu.nic.fr
	at java.net.Inet6AddressImpl.lookupAllHostAddr(Native Method)
	at java.net.InetAddress$1.lookupAllHostAddr(InetAddress.java:894)

2014/10/09 13:43:24 [fr.fryscop.probe.test.dns.DnsProbe@45c948cb] DEBUG f.fryscop.probe.monitoring.HeartBeat - sendBeat() http://www.frysurvey.fr/monitoring/probes/beat.php?name=test_dns&tld=fr&type=DNS&status=1 
2014/10/09 13:44:24 [fr.fryscop.probe.test.dns.DnsProbe@45c948cb] ERROR fr.fryscop.probe.test.dns.DnsProbe - turlututu.nic.fr java.net.UnknownHostException: turlututu.nic.fr
	at java.net.Inet6AddressImpl.lookupAllHostAddr(Native Method)
	at java.net.InetAddress$1.lookupAllHostAddr(InetAddress.java:894)

2014/10/09 13:44:24 [fr.fryscop.probe.test.dns.DnsProbe@45c948cb] DEBUG f.fryscop.probe.monitoring.HeartBeat - sendBeat() http://www.frysurvey.fr/monitoring/probes/beat.php?name=test_dns&tld=fr&type=DNS&status=1 
2014/10/09 13:44:24 [fr.fryscop.probe.test.dns.DnsProbe@45c948cb] DEBUG fr.fryscop.probe.test.dns.DnsProbe - dnsNameServerAvailability|turlututu.nic.fr.getUnavaibilityDuration(): 60206 
2014/10/09 13:45:24 [fr.fryscop.probe.test.dns.DnsProbe@45c948cb] ERROR fr.fryscop.probe.test.dns.DnsProbe - turlututu.nic.fr java.net.UnknownHostException: turlututu.nic.fr
	at java.net.Inet6AddressImpl.lookupAllHostAddr(Native Method)
	at java.net.InetAddress$1.lookupAllHostAddr(InetAddress.java:894)

2014/10/09 13:45:24 [fr.fryscop.probe.test.dns.DnsProbe@45c948cb] DEBUG f.fryscop.probe.monitoring.HeartBeat - sendBeat() http://www.frysurvey.fr/monitoring/probes/beat.php?name=test_dns&tld=fr&type=DNS&status=1 
2014/10/09 13:45:24 [fr.fryscop.probe.test.dns.DnsProbe@45c948cb] DEBUG fr.fryscop.probe.test.dns.DnsProbe - dnsNameServerAvailability|turlututu.nic.fr.getUnavaibilityDuration(): 120307 
2014/10/09 13:46:24 [fr.fryscop.probe.test.dns.DnsProbe@45c948cb] ERROR fr.fryscop.probe.test.dns.DnsProbe - turlututu.nic.fr java.net.UnknownHostException: turlututu.nic.fr
	at java.net.Inet6AddressImpl.lookupAllHostAddr(Native Method)
	at java.net.InetAddress$1.lookupAllHostAddr(InetAddress.java:894)

2014/10/09 13:46:24 [fr.fryscop.probe.test.dns.DnsProbe@45c948cb] DEBUG f.fryscop.probe.monitoring.HeartBeat - sendBeat() http://www.frysurvey.fr/monitoring/probes/beat.php?name=test_dns&tld=fr&type=DNS&status=1 
2014/10/09 13:46:24 [fr.fryscop.probe.test.dns.DnsProbe@45c948cb] DEBUG fr.fryscop.probe.test.dns.DnsProbe - dnsNameServerAvailability|turlututu.nic.fr.getUnavaibilityDuration(): 180398 
2014/10/09 13:47:24 [fr.fryscop.probe.test.dns.DnsProbe@45c948cb] ERROR fr.fryscop.probe.test.dns.DnsProbe - turlututu.nic.fr java.net.UnknownHostException: turlututu.nic.fr
	at java.net.Inet6AddressImpl.lookupAllHostAddr(Native Method)
	at java.net.InetAddress$1.lookupAllHostAddr(InetAddress.java:894)

2014/10/09 13:47:24 [fr.fryscop.probe.test.dns.DnsProbe@45c948cb] DEBUG f.fryscop.probe.monitoring.HeartBeat - sendBeat() http://www.frysurvey.fr/monitoring/probes/beat.php?name=test_dns&tld=fr&type=DNS&status=1 
2014/10/09 13:47:24 [fr.fryscop.probe.test.dns.DnsProbe@45c948cb] DEBUG fr.fryscop.probe.test.dns.DnsProbe - dnsNameServerAvailability|turlututu.nic.fr.getUnavaibilityDuration(): 240499 
2014/10/09 13:48:24 [fr.fryscop.probe.test.rdds.RddsProbe@70f293db] DEBUG f.fryscop.probe.monitoring.HeartBeat - sendBeat() http://www.frysurvey.fr/monitoring/probes/beat.php?name=test_rdds&tld=fr&type=RDDS&status=1 
2014/10/09 13:48:24 [fr.fryscop.probe.test.dns.DnsProbe@45c948cb] ERROR fr.fryscop.probe.test.dns.DnsProbe - turlututu.nic.fr java.net.UnknownHostException: turlututu.nic.fr
	at java.net.Inet6AddressImpl.lookupAllHostAddr(Native Method)
	at java.net.InetAddress$1.lookupAllHostAddr(InetAddress.java:894)

2014/10/09 13:48:24 [fr.fryscop.probe.test.dns.DnsProbe@45c948cb] DEBUG f.fryscop.probe.monitoring.HeartBeat - sendBeat() http://www.frysurvey.fr/monitoring/probes/beat.php?name=test_dns&tld=fr&type=DNS&status=1 
2014/10/09 13:48:24 [fr.fryscop.probe.test.dns.DnsProbe@45c948cb] DEBUG fr.fryscop.probe.test.dns.DnsProbe - dnsNameServerAvailability|turlututu.nic.fr.getUnavaibilityDuration(): 300596 
2014/10/09 13:49:24 [fr.fryscop.probe.test.dns.DnsProbe@45c948cb] ERROR fr.fryscop.probe.test.dns.DnsProbe - turlututu.nic.fr java.net.UnknownHostException: turlututu.nic.fr
	at java.net.Inet6AddressImpl.lookupAllHostAddr(Native Method)
	at java.net.InetAddress$1.lookupAllHostAddr(InetAddress.java:894)

2014/10/09 13:49:24 [fr.fryscop.probe.test.dns.DnsProbe@45c948cb] DEBUG f.fryscop.probe.monitoring.HeartBeat - sendBeat() http://www.frysurvey.fr/monitoring/probes/beat.php?name=test_dns&tld=fr&type=DNS&status=1 
2014/10/09 13:49:24 [fr.fryscop.probe.test.dns.DnsProbe@45c948cb] DEBUG fr.fryscop.probe.test.dns.DnsProbe - dnsNameServerAvailability|turlututu.nic.fr.getUnavaibilityDuration(): 360629 
2014/10/09 13:50:24 [fr.fryscop.probe.test.dns.DnsProbe@45c948cb] ERROR fr.fryscop.probe.test.dns.DnsProbe - turlututu.nic.fr java.net.UnknownHostException: turlututu.nic.fr
	at java.net.Inet6AddressImpl.lookupAllHostAddr(Native Method)
	at java.net.InetAddress$1.lookupAllHostAddr(InetAddress.java:894)

2014/10/09 13:50:24 [fr.fryscop.probe.test.dns.DnsProbe@45c948cb] DEBUG f.fryscop.probe.monitoring.HeartBeat - sendBeat() http://www.frysurvey.fr/monitoring/probes/beat.php?name=test_dns&tld=fr&type=DNS&status=1 
2014/10/09 13:50:25 [fr.fryscop.probe.test.dns.DnsProbe@45c948cb] DEBUG fr.fryscop.probe.test.dns.DnsProbe - dnsNameServerAvailability|turlututu.nic.fr.getUnavaibilityDuration(): 420713 
2014/10/09 13:51:25 [fr.fryscop.probe.test.dns.DnsProbe@45c948cb] ERROR fr.fryscop.probe.test.dns.DnsProbe - turlututu.nic.fr java.net.UnknownHostException: turlututu.nic.fr
	at java.net.Inet6AddressImpl.lookupAllHostAddr(Native Method)
	at java.net.InetAddress$1.lookupAllHostAddr(InetAddress.java:894)

2014/10/09 13:51:25 [fr.fryscop.probe.test.dns.DnsProbe@45c948cb] DEBUG f.fryscop.probe.monitoring.HeartBeat - sendBeat() http://www.frysurvey.fr/monitoring/probes/beat.php?name=test_dns&tld=fr&type=DNS&status=1 
2014/10/09 13:51:25 [fr.fryscop.probe.test.dns.DnsProbe@45c948cb] DEBUG fr.fryscop.probe.test.dns.DnsProbe - dnsNameServerAvailability|turlututu.nic.fr.getUnavaibilityDuration(): 480800 
2014/10/09 13:52:25 [fr.fryscop.probe.test.dns.DnsProbe@45c948cb] ERROR fr.fryscop.probe.test.dns.DnsProbe - turlututu.nic.fr java.net.UnknownHostException: turlututu.nic.fr
	at java.net.Inet6AddressImpl.lookupAllHostAddr(Native Method)
	at java.net.InetAddress$1.lookupAllHostAddr(InetAddress.java:894)

2014/10/09 13:52:25 [fr.fryscop.probe.test.dns.DnsProbe@45c948cb] DEBUG f.fryscop.probe.monitoring.HeartBeat - sendBeat() http://www.frysurvey.fr/monitoring/probes/beat.php?name=test_dns&tld=fr&type=DNS&status=1 
2014/10/09 13:52:25 [fr.fryscop.probe.test.dns.DnsProbe@45c948cb] DEBUG fr.fryscop.probe.test.dns.DnsProbe - dnsNameServerAvailability|turlututu.nic.fr.getUnavaibilityDuration(): 540881 
2014/10/09 13:53:23 [main] INFO  fr.fryscop.probe.Probe - Stopping test_rdds|fr|RDDS 
2014/10/09 13:53:23 [main] DEBUG f.fryscop.probe.monitoring.HeartBeat - sendBeat() http://www.frysurvey.fr/monitoring/probes/beat.php?name=test_rdds&tld=fr&type=RDDS&status=5 
2014/10/09 13:53:23 [main] INFO  fr.fryscop.probe.Probe - Stopping test_dns|fr|DNS 
2014/10/09 13:53:23 [main] DEBUG f.fryscop.probe.monitoring.HeartBeat - sendBeat() http://www.frysurvey.fr/monitoring/probes/beat.php?name=test_dns&tld=fr&type=DNS&status=5 
