2014-10-14 15:25:48|rdds|fr|DNS|RddsServiceAvailabilityParam|whois.nic.fr|72
2014-10-14 15:25:48|rdds|fr|DNS|RddsQueryRttParam|whois.nic.fr|7
2014-10-14 15:25:48|dns|fr|DNS|dnsServiceAvailability| |279
2014-10-14 15:25:48|dns|fr|DNS|dnsNameServerAvailability|d.nic.fr|7
2014-10-14 15:25:48|dns|fr|DNS|dnsNameServerAvailability|f.ext.nic.fr|6
2014-10-14 15:25:58|dns|fr|DNS|dnsNameServerAvailability|g.ext.nic.fr|unavailable
2014-10-14 15:25:58|dns|fr|DNS|dnsNameServerAvailability|turlututu.nic.fr|unavailable
2014-10-14 15:25:59|dns|fr|DNS|tcpDnsResolution| |25
2014-10-14 15:25:59|dns|fr|DNS|UdpDnsResolution| |2
2014-10-14 15:29:41|dns|fr|DNS|dnsServiceAvailability| |27
2014-10-14 15:29:41|dns|fr|DNS|dnsNameServerAvailability|d.nic.fr|7
2014-10-14 15:29:41|dns|fr|DNS|dnsNameServerAvailability|f.ext.nic.fr|7
2014-10-14 15:29:41|dns|fr|DNS|dnsNameServerAvailability|g.ext.nic.fr|5
2014-10-14 15:29:41|dns|fr|DNS|dnsNameServerAvailability|turlututu.nic.fr|unavailable
2014-10-14 15:29:41|dns|fr|DNS|tcpDnsResolution| |2
2014-10-14 15:29:41|dns|fr|DNS|UdpDnsResolution| |1
2014-10-14 15:29:41|rdds|fr|DNS|RddsServiceAvailabilityParam|whois.nic.fr|119
2014-10-14 15:29:41|rdds|fr|DNS|RddsQueryRttParam|whois.nic.fr|145
2014-10-14 15:30:41|dns|fr|DNS|dnsServiceAvailability| |2
2014-10-14 15:30:41|dns|fr|DNS|dnsNameServerAvailability|d.nic.fr|3
2014-10-14 15:30:41|dns|fr|DNS|dnsNameServerAvailability|f.ext.nic.fr|2
2014-10-14 15:30:41|dns|fr|DNS|dnsNameServerAvailability|g.ext.nic.fr|4
2014-10-14 15:30:41|dns|fr|DNS|dnsNameServerAvailability|turlututu.nic.fr|unavailable
2014-10-14 15:30:41|dns|fr|DNS|tcpDnsResolution| |2
2014-10-14 15:30:41|dns|fr|DNS|UdpDnsResolution| |2
2014-10-14 15:31:41|dns|fr|DNS|dnsServiceAvailability| |2
2014-10-14 15:31:41|dns|fr|DNS|dnsNameServerAvailability|d.nic.fr|3
2014-10-14 15:31:41|dns|fr|DNS|dnsNameServerAvailability|f.ext.nic.fr|2
2014-10-14 15:31:41|dns|fr|DNS|dnsNameServerAvailability|g.ext.nic.fr|4
2014-10-14 15:31:41|dns|fr|DNS|dnsNameServerAvailability|turlututu.nic.fr|unavailable
2014-10-14 15:31:41|dns|fr|DNS|tcpDnsResolution| |2
2014-10-14 15:31:41|dns|fr|DNS|UdpDnsResolution| |2
2014-10-14 15:32:41|dns|fr|DNS|dnsServiceAvailability| |2
2014-10-14 15:32:41|dns|fr|DNS|dnsNameServerAvailability|d.nic.fr|3
2014-10-14 15:32:41|dns|fr|DNS|dnsNameServerAvailability|f.ext.nic.fr|3
2014-10-14 15:32:41|dns|fr|DNS|dnsNameServerAvailability|g.ext.nic.fr|3
2014-10-14 15:32:41|dns|fr|DNS|dnsNameServerAvailability|turlututu.nic.fr|unavailable
2014-10-14 15:32:41|dns|fr|DNS|tcpDnsResolution| |2
2014-10-14 15:32:41|dns|fr|DNS|UdpDnsResolution| |2
2014-10-14 15:33:41|dns|fr|DNS|dnsServiceAvailability| |2
2014-10-14 15:33:41|dns|fr|DNS|dnsNameServerAvailability|d.nic.fr|3
2014-10-14 15:33:41|dns|fr|DNS|dnsNameServerAvailability|f.ext.nic.fr|3
2014-10-14 15:33:41|dns|fr|DNS|dnsNameServerAvailability|g.ext.nic.fr|4
2014-10-14 15:33:41|dns|fr|DNS|dnsNameServerAvailability|turlututu.nic.fr|unavailable
2014-10-14 15:33:41|dns|fr|DNS|tcpDnsResolution| |2
2014-10-14 15:33:41|dns|fr|DNS|UdpDnsResolution| |2
2014-10-14 15:39:55|dns|fr|DNS|dnsServiceAvailability| |32
2014-10-14 15:39:55|dns|fr|DNS|dnsNameServerAvailability|d.nic.fr|7
2014-10-14 15:39:55|dns|fr|DNS|dnsNameServerAvailability|f.ext.nic.fr|4
2014-10-14 15:39:55|dns|fr|DNS|dnsNameServerAvailability|g.ext.nic.fr|3
2014-10-14 15:39:55|dns|fr|DNS|dnsNameServerAvailability|turlututu.nic.fr|unavailable
2014-10-14 15:39:55|dns|fr|DNS|tcpDnsResolution| |1
2014-10-14 15:39:55|dns|fr|DNS|UdpDnsResolution| |1
2014-10-14 15:39:55|rdds|fr|DNS|RddsServiceAvailabilityParam|whois.nic.fr|113
2014-10-14 15:39:55|rdds|fr|DNS|RddsQueryRttParam|whois.nic.fr|105
2014-10-14 15:40:55|dns|fr|DNS|dnsServiceAvailability| |2
2014-10-14 15:40:55|dns|fr|DNS|dnsNameServerAvailability|d.nic.fr|3
2014-10-14 15:40:55|dns|fr|DNS|dnsNameServerAvailability|f.ext.nic.fr|2
2014-10-14 15:40:55|dns|fr|DNS|dnsNameServerAvailability|g.ext.nic.fr|3
2014-10-14 15:40:55|dns|fr|DNS|dnsNameServerAvailability|turlututu.nic.fr|unavailable
2014-10-14 15:40:55|dns|fr|DNS|tcpDnsResolution| |1
2014-10-14 15:40:55|dns|fr|DNS|UdpDnsResolution| |1
2014-10-14 15:43:16|dns|fr|DNS|dnsServiceAvailability| |28
2014-10-14 15:43:16|dns|fr|DNS|dnsNameServerAvailability|d.nic.fr|8
2014-10-14 15:43:16|dns|fr|DNS|dnsNameServerAvailability|f.ext.nic.fr|5
2014-10-14 15:43:16|dns|fr|DNS|dnsNameServerAvailability|g.ext.nic.fr|4
2014-10-14 15:43:16|dns|fr|DNS|dnsNameServerAvailability|turlututu.nic.fr|unavailable
2014-10-14 15:43:16|dns|fr|DNS|tcpDnsResolution| |2
2014-10-14 15:43:16|dns|fr|DNS|UdpDnsResolution| |2
2014-10-14 15:43:16|rdds|fr|DNS|RddsServiceAvailabilityParam|whois.nic.fr|107
2014-10-14 15:43:16|rdds|fr|DNS|RddsQueryRttParam|whois.nic.fr|102
2014-10-14 15:44:16|dns|fr|DNS|dnsServiceAvailability| |2
2014-10-14 15:44:16|dns|fr|DNS|dnsNameServerAvailability|d.nic.fr|3
2014-10-14 15:44:16|dns|fr|DNS|dnsNameServerAvailability|f.ext.nic.fr|3
2014-10-14 15:44:16|dns|fr|DNS|dnsNameServerAvailability|g.ext.nic.fr|3
2014-10-14 15:44:16|dns|fr|DNS|dnsNameServerAvailability|turlututu.nic.fr|unavailable
2014-10-14 15:44:16|dns|fr|DNS|tcpDnsResolution| |2
2014-10-14 15:44:16|dns|fr|DNS|UdpDnsResolution| |2
2014-10-14 15:45:16|dns|fr|DNS|dnsServiceAvailability| |2
2014-10-14 15:45:16|dns|fr|DNS|dnsNameServerAvailability|d.nic.fr|3
2014-10-14 15:45:16|dns|fr|DNS|dnsNameServerAvailability|f.ext.nic.fr|3
2014-10-14 15:45:16|dns|fr|DNS|dnsNameServerAvailability|g.ext.nic.fr|3
2014-10-14 15:45:16|dns|fr|DNS|dnsNameServerAvailability|turlututu.nic.fr|unavailable
2014-10-14 15:45:16|dns|fr|DNS|tcpDnsResolution| |3
2014-10-14 15:45:16|dns|fr|DNS|UdpDnsResolution| |2
2014-10-14 15:46:16|dns|fr|DNS|dnsServiceAvailability| |2
2014-10-14 15:46:16|dns|fr|DNS|dnsNameServerAvailability|d.nic.fr|3
2014-10-14 15:46:16|dns|fr|DNS|dnsNameServerAvailability|f.ext.nic.fr|3
2014-10-14 15:46:16|dns|fr|DNS|dnsNameServerAvailability|g.ext.nic.fr|3
2014-10-14 15:46:16|dns|fr|DNS|dnsNameServerAvailability|turlututu.nic.fr|unavailable
2014-10-14 15:46:16|dns|fr|DNS|tcpDnsResolution| |1
2014-10-14 15:46:16|dns|fr|DNS|UdpDnsResolution| |1
2014-10-14 15:47:16|dns|fr|DNS|dnsServiceAvailability| |2
2014-10-14 15:47:16|dns|fr|DNS|dnsNameServerAvailability|d.nic.fr|3
2014-10-14 15:47:16|dns|fr|DNS|dnsNameServerAvailability|f.ext.nic.fr|3
2014-10-14 15:47:16|dns|fr|DNS|dnsNameServerAvailability|g.ext.nic.fr|4
2014-10-14 15:47:16|dns|fr|DNS|dnsNameServerAvailability|turlututu.nic.fr|unavailable
2014-10-14 15:47:16|dns|fr|DNS|tcpDnsResolution| |2
2014-10-14 15:47:16|dns|fr|DNS|UdpDnsResolution| |2
2014-10-14 15:48:16|rdds|fr|DNS|RddsServiceAvailabilityParam|whois.nic.fr|107
2014-10-14 15:48:16|dns|fr|DNS|dnsServiceAvailability| |2
2014-10-14 15:48:16|dns|fr|DNS|dnsNameServerAvailability|d.nic.fr|3
2014-10-14 15:48:16|dns|fr|DNS|dnsNameServerAvailability|f.ext.nic.fr|2
2014-10-14 15:48:16|dns|fr|DNS|dnsNameServerAvailability|g.ext.nic.fr|4
2014-10-14 15:48:16|dns|fr|DNS|dnsNameServerAvailability|turlututu.nic.fr|unavailable
2014-10-14 15:48:16|dns|fr|DNS|tcpDnsResolution| |1
2014-10-14 15:48:16|dns|fr|DNS|UdpDnsResolution| |1
2014-10-14 15:48:16|rdds|fr|DNS|RddsQueryRttParam|whois.nic.fr|107
2014-10-14 15:49:16|dns|fr|DNS|dnsServiceAvailability| |2
2014-10-14 15:49:16|dns|fr|DNS|dnsNameServerAvailability|d.nic.fr|3
2014-10-14 15:49:16|dns|fr|DNS|dnsNameServerAvailability|f.ext.nic.fr|2
2014-10-14 15:49:16|dns|fr|DNS|dnsNameServerAvailability|g.ext.nic.fr|4
2014-10-14 15:49:16|dns|fr|DNS|dnsNameServerAvailability|turlututu.nic.fr|unavailable
2014-10-14 15:49:16|dns|fr|DNS|tcpDnsResolution| |3
2014-10-14 15:49:16|dns|fr|DNS|UdpDnsResolution| |2
2014-10-14 15:50:16|dns|fr|DNS|dnsServiceAvailability| |5
2014-10-14 15:50:16|dns|fr|DNS|dnsNameServerAvailability|d.nic.fr|3
2014-10-14 15:50:16|dns|fr|DNS|dnsNameServerAvailability|f.ext.nic.fr|2
2014-10-14 15:50:16|dns|fr|DNS|dnsNameServerAvailability|g.ext.nic.fr|4
2014-10-14 15:50:16|dns|fr|DNS|dnsNameServerAvailability|turlututu.nic.fr|unavailable
2014-10-14 15:50:16|dns|fr|DNS|tcpDnsResolution| |2
2014-10-14 15:50:16|dns|fr|DNS|UdpDnsResolution| |2
2014-10-14 15:51:16|dns|fr|DNS|dnsServiceAvailability| |2
2014-10-14 15:51:16|dns|fr|DNS|dnsNameServerAvailability|d.nic.fr|2
2014-10-14 15:51:16|dns|fr|DNS|dnsNameServerAvailability|f.ext.nic.fr|3
2014-10-14 15:51:16|dns|fr|DNS|dnsNameServerAvailability|g.ext.nic.fr|3
2014-10-14 15:51:16|dns|fr|DNS|dnsNameServerAvailability|turlututu.nic.fr|unavailable
2014-10-14 15:51:16|dns|fr|DNS|tcpDnsResolution| |2
2014-10-14 15:51:16|dns|fr|DNS|UdpDnsResolution| |2
2014-10-14 15:52:16|dns|fr|DNS|dnsServiceAvailability| |2
2014-10-14 15:52:16|dns|fr|DNS|dnsNameServerAvailability|d.nic.fr|3
2014-10-14 15:52:16|dns|fr|DNS|dnsNameServerAvailability|f.ext.nic.fr|2
2014-10-14 15:52:16|dns|fr|DNS|dnsNameServerAvailability|g.ext.nic.fr|4
2014-10-14 15:52:16|dns|fr|DNS|dnsNameServerAvailability|turlututu.nic.fr|unavailable
2014-10-14 15:52:16|dns|fr|DNS|tcpDnsResolution| |2
2014-10-14 15:52:16|dns|fr|DNS|UdpDnsResolution| |2
2014-10-14 16:00:44|dns|fr|DNS|dnsServiceAvailability| |29
2014-10-14 16:00:44|dns|fr|DNS|dnsNameServerAvailability|d.nic.fr|6
2014-10-14 16:00:44|dns|fr|DNS|dnsNameServerAvailability|f.ext.nic.fr|4
2014-10-14 16:00:44|dns|fr|DNS|dnsNameServerAvailability|g.ext.nic.fr|3
2014-10-14 16:00:44|dns|fr|DNS|dnsNameServerAvailability|turlututu.nic.fr|unavailable
2014-10-14 16:00:44|dns|fr|DNS|tcpDnsResolution| |2
2014-10-14 16:00:44|dns|fr|DNS|UdpDnsResolution| |2
2014-10-14 16:00:44|rdds|fr|DNS|RddsServiceAvailabilityParam|whois.nic.fr|108
2014-10-14 16:00:44|rdds|fr|DNS|RddsQueryRttParam|whois.nic.fr|101
2014-10-14 16:01:44|dns|fr|DNS|dnsServiceAvailability| |2
2014-10-14 16:01:44|dns|fr|DNS|dnsNameServerAvailability|d.nic.fr|3
2014-10-14 16:01:44|dns|fr|DNS|dnsNameServerAvailability|f.ext.nic.fr|3
2014-10-14 16:01:44|dns|fr|DNS|dnsNameServerAvailability|g.ext.nic.fr|4
2014-10-14 16:01:44|dns|fr|DNS|dnsNameServerAvailability|turlututu.nic.fr|unavailable
2014-10-14 16:01:44|dns|fr|DNS|tcpDnsResolution| |2
2014-10-14 16:01:44|dns|fr|DNS|UdpDnsResolution| |2
2014-10-14 16:02:44|dns|fr|DNS|dnsServiceAvailability| |2
2014-10-14 16:02:44|dns|fr|DNS|dnsNameServerAvailability|d.nic.fr|3
2014-10-14 16:02:44|dns|fr|DNS|dnsNameServerAvailability|f.ext.nic.fr|6
2014-10-14 16:02:44|dns|fr|DNS|dnsNameServerAvailability|g.ext.nic.fr|3
2014-10-14 16:02:44|dns|fr|DNS|dnsNameServerAvailability|turlututu.nic.fr|unavailable
2014-10-14 16:02:44|dns|fr|DNS|tcpDnsResolution| |2
2014-10-14 16:02:44|dns|fr|DNS|UdpDnsResolution| |2
2014-10-14 16:03:44|dns|fr|DNS|dnsServiceAvailability| |2
2014-10-14 16:03:44|dns|fr|DNS|dnsNameServerAvailability|d.nic.fr|3
2014-10-14 16:03:44|dns|fr|DNS|dnsNameServerAvailability|f.ext.nic.fr|3
2014-10-14 16:03:44|dns|fr|DNS|dnsNameServerAvailability|g.ext.nic.fr|4
2014-10-14 16:03:44|dns|fr|DNS|dnsNameServerAvailability|turlututu.nic.fr|unavailable
2014-10-14 16:03:44|dns|fr|DNS|tcpDnsResolution| |1
2014-10-14 16:03:44|dns|fr|DNS|UdpDnsResolution| |2
2014-10-14 16:04:44|dns|fr|DNS|dnsServiceAvailability| |2
2014-10-14 16:04:44|dns|fr|DNS|dnsNameServerAvailability|d.nic.fr|3
2014-10-14 16:04:44|dns|fr|DNS|dnsNameServerAvailability|f.ext.nic.fr|3
2014-10-14 16:04:44|dns|fr|DNS|dnsNameServerAvailability|g.ext.nic.fr|4
2014-10-14 16:04:44|dns|fr|DNS|dnsNameServerAvailability|turlututu.nic.fr|unavailable
2014-10-14 16:04:44|dns|fr|DNS|tcpDnsResolution| |2
2014-10-14 16:04:44|dns|fr|DNS|UdpDnsResolution| |2
2014-10-14 16:05:44|rdds|fr|DNS|RddsServiceAvailabilityParam|whois.nic.fr|103
2014-10-14 16:05:44|dns|fr|DNS|dnsServiceAvailability| |2
2014-10-14 16:05:44|dns|fr|DNS|dnsNameServerAvailability|d.nic.fr|2
2014-10-14 16:05:44|rdds|fr|DNS|RddsQueryRttParam|whois.nic.fr|100
2014-10-14 16:05:44|dns|fr|DNS|dnsNameServerAvailability|f.ext.nic.fr|3
2014-10-14 16:05:44|dns|fr|DNS|dnsNameServerAvailability|g.ext.nic.fr|4
2014-10-14 16:05:44|dns|fr|DNS|dnsNameServerAvailability|turlututu.nic.fr|unavailable
2014-10-14 16:05:44|dns|fr|DNS|tcpDnsResolution| |2
2014-10-14 16:05:44|dns|fr|DNS|UdpDnsResolution| |2
